==12924== Invalid read of size 8
==12924==    at 0x40286A0: strncmp (strcmp.S:170)
==12924==    by 0x400668D: is_dst (dl-load.c:216)
==12924==    by 0x400810E: _dl_dst_count (dl-load.c:253)
==12924==    by 0x400810E: expand_dynamic_string_token (dl-load.c:395)
==12924==    by 0x40082B7: fillin_rpath.isra.0 (dl-load.c:483)
==12924==    by 0x4008602: decompose_rpath (dl-load.c:654)
==12924==    by 0x400ABF5: cache_rpath (dl-load.c:696)
==12924==    by 0x400ABF5: cache_rpath (dl-load.c:677)
==12924==    by 0x400ABF5: _dl_map_object (dl-load.c:2165)
==12924==    by 0x4003494: openaux (dl-deps.c:64)
==12924==    by 0x6220A97: _dl_catch_exception (dl-error-skeleton.c:208)
==12924==    by 0x4003C7B: _dl_map_object_deps (dl-deps.c:248)
==12924==    by 0x400EA0E: dl_open_worker_begin (dl-open.c:592)
==12924==    by 0x6220A97: _dl_catch_exception (dl-error-skeleton.c:208)
==12924==    by 0x400DF99: dl_open_worker (dl-open.c:782)
==12924==  Address 0x944e9e1 is 1 bytes inside a block of size 8 alloc'd
==12924==    at 0x4848899: malloc (in /usr/libexec/valgrind/vgpreload_memcheck-amd64-linux.so)
==12924==    by 0x40271DF: malloc (rtld-malloc.h:56)
==12924==    by 0x40271DF: strdup (strdup.c:42)
==12924==    by 0x4008594: decompose_rpath (dl-load.c:629)
==12924==    by 0x400ABF5: cache_rpath (dl-load.c:696)
==12924==    by 0x400ABF5: cache_rpath (dl-load.c:677)
==12924==    by 0x400ABF5: _dl_map_object (dl-load.c:2165)
==12924==    by 0x4003494: openaux (dl-deps.c:64)
==12924==    by 0x6220A97: _dl_catch_exception (dl-error-skeleton.c:208)
==12924==    by 0x4003C7B: _dl_map_object_deps (dl-deps.c:248)
==12924==    by 0x400EA0E: dl_open_worker_begin (dl-open.c:592)
==12924==    by 0x6220A97: _dl_catch_exception (dl-error-skeleton.c:208)
==12924==    by 0x400DF99: dl_open_worker (dl-open.c:782)
==12924==    by 0x6220A97: _dl_catch_exception (dl-error-skeleton.c:208)
==12924==    by 0x400E34D: _dl_open (dl-open.c:883)
==12924== 
==12924== Invalid read of size 8
==12924==    at 0x40286A8: strncmp (strcmp.S:172)
==12924==    by 0x400668D: is_dst (dl-load.c:216)
==12924==    by 0x400810E: _dl_dst_count (dl-load.c:253)
==12924==    by 0x400810E: expand_dynamic_string_token (dl-load.c:395)
==12924==    by 0x40082B7: fillin_rpath.isra.0 (dl-load.c:483)
==12924==    by 0x4008602: decompose_rpath (dl-load.c:654)
==12924==    by 0x400ABF5: cache_rpath (dl-load.c:696)
==12924==    by 0x400ABF5: cache_rpath (dl-load.c:677)
==12924==    by 0x400ABF5: _dl_map_object (dl-load.c:2165)
==12924==    by 0x4003494: openaux (dl-deps.c:64)
==12924==    by 0x6220A97: _dl_catch_exception (dl-error-skeleton.c:208)
==12924==    by 0x4003C7B: _dl_map_object_deps (dl-deps.c:248)
==12924==    by 0x400EA0E: dl_open_worker_begin (dl-open.c:592)
==12924==    by 0x6220A97: _dl_catch_exception (dl-error-skeleton.c:208)
==12924==    by 0x400DF99: dl_open_worker (dl-open.c:782)
==12924==  Address 0x944e9e9 is 1 bytes after a block of size 8 alloc'd
==12924==    at 0x4848899: malloc (in /usr/libexec/valgrind/vgpreload_memcheck-amd64-linux.so)
==12924==    by 0x40271DF: malloc (rtld-malloc.h:56)
==12924==    by 0x40271DF: strdup (strdup.c:42)
==12924==    by 0x4008594: decompose_rpath (dl-load.c:629)
==12924==    by 0x400ABF5: cache_rpath (dl-load.c:696)
==12924==    by 0x400ABF5: cache_rpath (dl-load.c:677)
==12924==    by 0x400ABF5: _dl_map_object (dl-load.c:2165)
==12924==    by 0x4003494: openaux (dl-deps.c:64)
==12924==    by 0x6220A97: _dl_catch_exception (dl-error-skeleton.c:208)
==12924==    by 0x4003C7B: _dl_map_object_deps (dl-deps.c:248)
==12924==    by 0x400EA0E: dl_open_worker_begin (dl-open.c:592)
==12924==    by 0x6220A97: _dl_catch_exception (dl-error-skeleton.c:208)
==12924==    by 0x400DF99: dl_open_worker (dl-open.c:782)
==12924==    by 0x6220A97: _dl_catch_exception (dl-error-skeleton.c:208)
==12924==    by 0x400E34D: _dl_open (dl-open.c:883)
==12924== 
==12924== Invalid read of size 8
==12924==    at 0x40286A0: strncmp (strcmp.S:170)
==12924==    by 0x400668D: is_dst (dl-load.c:216)
==12924==    by 0x4007F79: _dl_dst_substitute (dl-load.c:295)
==12924==    by 0x40082B7: fillin_rpath.isra.0 (dl-load.c:483)
==12924==    by 0x4008602: decompose_rpath (dl-load.c:654)
==12924==    by 0x400ABF5: cache_rpath (dl-load.c:696)
==12924==    by 0x400ABF5: cache_rpath (dl-load.c:677)
==12924==    by 0x400ABF5: _dl_map_object (dl-load.c:2165)
==12924==    by 0x4003494: openaux (dl-deps.c:64)
==12924==    by 0x6220A97: _dl_catch_exception (dl-error-skeleton.c:208)
==12924==    by 0x4003C7B: _dl_map_object_deps (dl-deps.c:248)
==12924==    by 0x400EA0E: dl_open_worker_begin (dl-open.c:592)
==12924==    by 0x6220A97: _dl_catch_exception (dl-error-skeleton.c:208)
==12924==    by 0x400DF99: dl_open_worker (dl-open.c:782)
==12924==  Address 0x944e9e1 is 1 bytes inside a block of size 8 alloc'd
==12924==    at 0x4848899: malloc (in /usr/libexec/valgrind/vgpreload_memcheck-amd64-linux.so)
==12924==    by 0x40271DF: malloc (rtld-malloc.h:56)
==12924==    by 0x40271DF: strdup (strdup.c:42)
==12924==    by 0x4008594: decompose_rpath (dl-load.c:629)
==12924==    by 0x400ABF5: cache_rpath (dl-load.c:696)
==12924==    by 0x400ABF5: cache_rpath (dl-load.c:677)
==12924==    by 0x400ABF5: _dl_map_object (dl-load.c:2165)
==12924==    by 0x4003494: openaux (dl-deps.c:64)
==12924==    by 0x6220A97: _dl_catch_exception (dl-error-skeleton.c:208)
==12924==    by 0x4003C7B: _dl_map_object_deps (dl-deps.c:248)
==12924==    by 0x400EA0E: dl_open_worker_begin (dl-open.c:592)
==12924==    by 0x6220A97: _dl_catch_exception (dl-error-skeleton.c:208)
==12924==    by 0x400DF99: dl_open_worker (dl-open.c:782)
==12924==    by 0x6220A97: _dl_catch_exception (dl-error-skeleton.c:208)
==12924==    by 0x400E34D: _dl_open (dl-open.c:883)
==12924== 
==12924== Invalid read of size 8
==12924==    at 0x40286A8: strncmp (strcmp.S:172)
==12924==    by 0x400668D: is_dst (dl-load.c:216)
==12924==    by 0x4007F79: _dl_dst_substitute (dl-load.c:295)
==12924==    by 0x40082B7: fillin_rpath.isra.0 (dl-load.c:483)
==12924==    by 0x4008602: decompose_rpath (dl-load.c:654)
==12924==    by 0x400ABF5: cache_rpath (dl-load.c:696)
==12924==    by 0x400ABF5: cache_rpath (dl-load.c:677)
==12924==    by 0x400ABF5: _dl_map_object (dl-load.c:2165)
==12924==    by 0x4003494: openaux (dl-deps.c:64)
==12924==    by 0x6220A97: _dl_catch_exception (dl-error-skeleton.c:208)
==12924==    by 0x4003C7B: _dl_map_object_deps (dl-deps.c:248)
==12924==    by 0x400EA0E: dl_open_worker_begin (dl-open.c:592)
==12924==    by 0x6220A97: _dl_catch_exception (dl-error-skeleton.c:208)
==12924==    by 0x400DF99: dl_open_worker (dl-open.c:782)
==12924==  Address 0x944e9e9 is 1 bytes after a block of size 8 alloc'd
==12924==    at 0x4848899: malloc (in /usr/libexec/valgrind/vgpreload_memcheck-amd64-linux.so)
==12924==    by 0x40271DF: malloc (rtld-malloc.h:56)
==12924==    by 0x40271DF: strdup (strdup.c:42)
==12924==    by 0x4008594: decompose_rpath (dl-load.c:629)
==12924==    by 0x400ABF5: cache_rpath (dl-load.c:696)
==12924==    by 0x400ABF5: cache_rpath (dl-load.c:677)
==12924==    by 0x400ABF5: _dl_map_object (dl-load.c:2165)
==12924==    by 0x4003494: openaux (dl-deps.c:64)
==12924==    by 0x6220A97: _dl_catch_exception (dl-error-skeleton.c:208)
==12924==    by 0x4003C7B: _dl_map_object_deps (dl-deps.c:248)
==12924==    by 0x400EA0E: dl_open_worker_begin (dl-open.c:592)
==12924==    by 0x6220A97: _dl_catch_exception (dl-error-skeleton.c:208)
==12924==    by 0x400DF99: dl_open_worker (dl-open.c:782)
==12924==    by 0x6220A97: _dl_catch_exception (dl-error-skeleton.c:208)
==12924==    by 0x400E34D: _dl_open (dl-open.c:883)
==12924== 
==12924== 40 bytes in 1 blocks are possibly lost in loss record 4,311 of 8,328
==12924==    at 0x4849013: operator new(unsigned long) (in /usr/libexec/valgrind/vgpreload_memcheck-amd64-linux.so)
==12924==    by 0x5ACFC50: QObjectPrivate::addConnection(int, QObjectPrivate::Connection*) (in /usr/lib/x86_64-linux-gnu/libQt6Core.so.6.2.4)
==12924==    by 0x5AD1EB4: QObjectPrivate::connectImpl(QObject const*, int, QObject const*, void**, QtPrivate::QSlotObjectBase*, int, int const*, QMetaObject const*) (in /usr/lib/x86_64-linux-gnu/libQt6Core.so.6.2.4)
==12924==    by 0x5AD2274: QObject::connectImpl(QObject const*, void**, QObject const*, void**, QtPrivate::QSlotObjectBase*, Qt::ConnectionType, int const*, QMetaObject const*) (in /usr/lib/x86_64-linux-gnu/libQt6Core.so.6.2.4)
==12924==    by 0x169AA1: QMetaObject::Connection QObject::connect<void (Card::*)(Card*), void (Deck::*)(Card*)>(QtPrivate::FunctionPointer<void (Card::*)(Card*)>::Object const*, void (Card::*)(Card*), QtPrivate::FunctionPointer<void (Deck::*)(Card*)>::Object const*, void (Deck::*)(Card*), Qt::ConnectionType) (qobject.h:243)
==12924==    by 0x168C9A: Deck::push_back(Card*) (deck.cpp:33)
==12924==    by 0x15DDD7: Player::fromVariant(QVariant const&) (player.cpp:204)
==12924==    by 0x14DB54: Game::fromVariant(QVariant const&) (game.cpp:970)
==12924==    by 0x17A043: PlayerClient::onReadyRead() (playerclient.cpp:160)
==12924==    by 0x13683B: QtPrivate::FunctorCall<QtPrivate::IndexesList<>, QtPrivate::List<>, void, void (PlayerClient::*)()>::call(void (PlayerClient::*)(), PlayerClient*, void**) (qobjectdefs_impl.h:152)
==12924==    by 0x136144: void QtPrivate::FunctionPointer<void (PlayerClient::*)()>::call<QtPrivate::List<>, void>(void (PlayerClient::*)(), PlayerClient*, void**) (qobjectdefs_impl.h:185)
==12924==    by 0x135CA8: QtPrivate::QSlotObject<void (PlayerClient::*)(), QtPrivate::List<>, void>::impl(int, QtPrivate::QSlotObjectBase*, QObject*, void**, bool*) (qobjectdefs_impl.h:395)
==12924== 
==12924== 64 bytes in 1 blocks are possibly lost in loss record 5,869 of 8,328
==12924==    at 0x4849013: operator new(unsigned long) (in /usr/libexec/valgrind/vgpreload_memcheck-amd64-linux.so)
==12924==    by 0x15DD70: Player::fromVariant(QVariant const&) (player.cpp:202)
==12924==    by 0x14DB54: Game::fromVariant(QVariant const&) (game.cpp:970)
==12924==    by 0x17A043: PlayerClient::onReadyRead() (playerclient.cpp:160)
==12924==    by 0x13683B: QtPrivate::FunctorCall<QtPrivate::IndexesList<>, QtPrivate::List<>, void, void (PlayerClient::*)()>::call(void (PlayerClient::*)(), PlayerClient*, void**) (qobjectdefs_impl.h:152)
==12924==    by 0x136144: void QtPrivate::FunctionPointer<void (PlayerClient::*)()>::call<QtPrivate::List<>, void>(void (PlayerClient::*)(), PlayerClient*, void**) (qobjectdefs_impl.h:185)
==12924==    by 0x135CA8: QtPrivate::QSlotObject<void (PlayerClient::*)(), QtPrivate::List<>, void>::impl(int, QtPrivate::QSlotObjectBase*, QObject*, void**, bool*) (qobjectdefs_impl.h:395)
==12924==    by 0x5ADD022: ??? (in /usr/lib/x86_64-linux-gnu/libQt6Core.so.6.2.4)
==12924==    by 0x508511E: ??? (in /usr/lib/x86_64-linux-gnu/libQt6Network.so.6.2.4)
==12924==    by 0x508D388: ??? (in /usr/lib/x86_64-linux-gnu/libQt6Network.so.6.2.4)
==12924==    by 0x49ECD35: QApplicationPrivate::notify_helper(QObject*, QEvent*) (in /usr/lib/x86_64-linux-gnu/libQt6Widgets.so.6.2.4)
==12924==    by 0x5A84A57: QCoreApplication::notifyInternal2(QObject*, QEvent*) (in /usr/lib/x86_64-linux-gnu/libQt6Core.so.6.2.4)
==12924== 
==12924== 64 bytes in 1 blocks are possibly lost in loss record 5,870 of 8,328
==12924==    at 0x4849013: operator new(unsigned long) (in /usr/libexec/valgrind/vgpreload_memcheck-amd64-linux.so)
==12924==    by 0x160A7B: __gnu_cxx::new_allocator<Card*>::allocate(unsigned long, void const*) (new_allocator.h:127)
==12924==    by 0x1609B0: std::allocator_traits<std::allocator<Card*> >::allocate(std::allocator<Card*>&, unsigned long) (alloc_traits.h:464)
==12924==    by 0x160775: std::_Vector_base<Card*, std::allocator<Card*> >::_M_allocate(unsigned long) (stl_vector.h:346)
==12924==    by 0x1679FC: void std::vector<Card*, std::allocator<Card*> >::_M_realloc_insert<Card* const&>(__gnu_cxx::__normal_iterator<Card**, std::vector<Card*, std::allocator<Card*> > >, Card* const&) (vector.tcc:440)
==12924==    by 0x1672B3: std::vector<Card*, std::allocator<Card*> >::push_back(Card* const&) (stl_vector.h:1198)
==12924==    by 0x168CC1: Deck::push_back(Card*) (deck.cpp:34)
==12924==    by 0x15DDD7: Player::fromVariant(QVariant const&) (player.cpp:204)
==12924==    by 0x14DB54: Game::fromVariant(QVariant const&) (game.cpp:970)
==12924==    by 0x17A043: PlayerClient::onReadyRead() (playerclient.cpp:160)
==12924==    by 0x13683B: QtPrivate::FunctorCall<QtPrivate::IndexesList<>, QtPrivate::List<>, void, void (PlayerClient::*)()>::call(void (PlayerClient::*)(), PlayerClient*, void**) (qobjectdefs_impl.h:152)
==12924==    by 0x136144: void QtPrivate::FunctionPointer<void (PlayerClient::*)()>::call<QtPrivate::List<>, void>(void (PlayerClient::*)(), PlayerClient*, void**) (qobjectdefs_impl.h:185)
==12924== 
==12924== 64 bytes in 1 blocks are definitely lost in loss record 5,878 of 8,328
==12924==    at 0x4849013: operator new(unsigned long) (in /usr/libexec/valgrind/vgpreload_memcheck-amd64-linux.so)
==12924==    by 0x1404A5CD: ???
==12924==    by 0x138E1593: ???
==12924==    by 0x400647D: call_init.part.0 (dl-init.c:70)
==12924==    by 0x4006567: call_init (dl-init.c:33)
==12924==    by 0x4006567: _dl_init (dl-init.c:117)
==12924==    by 0x6220AF4: _dl_catch_exception (dl-error-skeleton.c:182)
==12924==    by 0x400DFF5: dl_open_worker (dl-open.c:808)
==12924==    by 0x400DFF5: dl_open_worker (dl-open.c:771)
==12924==    by 0x6220A97: _dl_catch_exception (dl-error-skeleton.c:208)
==12924==    by 0x400E34D: _dl_open (dl-open.c:883)
==12924==    by 0x613C63B: dlopen_doit (dlopen.c:56)
==12924==    by 0x6220A97: _dl_catch_exception (dl-error-skeleton.c:208)
==12924==    by 0x6220B62: _dl_catch_error (dl-error-skeleton.c:227)
==12924== 
==12924== 66 bytes in 1 blocks are possibly lost in loss record 5,884 of 8,328
==12924==    at 0x484DCD3: realloc (in /usr/libexec/valgrind/vgpreload_memcheck-amd64-linux.so)
==12924==    by 0x5B8ED14: QArrayData::reallocateUnaligned(QArrayData*, void*, long long, long long, QArrayData::AllocationOption) (in /usr/lib/x86_64-linux-gnu/libQt6Core.so.6.2.4)
==12924==    by 0x4DA2D7C: ??? (in /usr/lib/x86_64-linux-gnu/libQt6Widgets.so.6.2.4)
==12924==    by 0x4DA3049: ??? (in /usr/lib/x86_64-linux-gnu/libQt6Widgets.so.6.2.4)
==12924==    by 0x4D9A77F: QGraphicsItemPrivate::addChild(QGraphicsItem*) (in /usr/lib/x86_64-linux-gnu/libQt6Widgets.so.6.2.4)
==12924==    by 0x4D9AB04: QGraphicsItemPrivate::setParentItemHelper(QGraphicsItem*, QVariant const*, QVariant const*) (in /usr/lib/x86_64-linux-gnu/libQt6Widgets.so.6.2.4)
==12924==    by 0x4D9B2D9: QGraphicsItem::setParentItem(QGraphicsItem*) (in /usr/lib/x86_64-linux-gnu/libQt6Widgets.so.6.2.4)
==12924==    by 0x168CDC: Deck::push_back(Card*) (deck.cpp:35)
==12924==    by 0x15DDD7: Player::fromVariant(QVariant const&) (player.cpp:204)
==12924==    by 0x14DB54: Game::fromVariant(QVariant const&) (game.cpp:970)
==12924==    by 0x17A043: PlayerClient::onReadyRead() (playerclient.cpp:160)
==12924==    by 0x13683B: QtPrivate::FunctorCall<QtPrivate::IndexesList<>, QtPrivate::List<>, void, void (PlayerClient::*)()>::call(void (PlayerClient::*)(), PlayerClient*, void**) (qobjectdefs_impl.h:152)
==12924== 
==12924== 120 bytes in 1 blocks are possibly lost in loss record 7,550 of 8,328
==12924==    at 0x4849013: operator new(unsigned long) (in /usr/libexec/valgrind/vgpreload_memcheck-amd64-linux.so)
==12924==    by 0x5ADB4A8: QObject::QObject(QObject*) (in /usr/lib/x86_64-linux-gnu/libQt6Core.so.6.2.4)
==12924==    by 0x4D9B3A6: QGraphicsObject::QGraphicsObject(QGraphicsItem*) (in /usr/lib/x86_64-linux-gnu/libQt6Widgets.so.6.2.4)
==12924==    by 0x168964: Deck::Deck() (deck.cpp:8)
==12924==    by 0x15DD7B: Player::fromVariant(QVariant const&) (player.cpp:202)
==12924==    by 0x14DB54: Game::fromVariant(QVariant const&) (game.cpp:970)
==12924==    by 0x17A043: PlayerClient::onReadyRead() (playerclient.cpp:160)
==12924==    by 0x13683B: QtPrivate::FunctorCall<QtPrivate::IndexesList<>, QtPrivate::List<>, void, void (PlayerClient::*)()>::call(void (PlayerClient::*)(), PlayerClient*, void**) (qobjectdefs_impl.h:152)
==12924==    by 0x136144: void QtPrivate::FunctionPointer<void (PlayerClient::*)()>::call<QtPrivate::List<>, void>(void (PlayerClient::*)(), PlayerClient*, void**) (qobjectdefs_impl.h:185)
==12924==    by 0x135CA8: QtPrivate::QSlotObject<void (PlayerClient::*)(), QtPrivate::List<>, void>::impl(int, QtPrivate::QSlotObjectBase*, QObject*, void**, bool*) (qobjectdefs_impl.h:395)
==12924==    by 0x5ADD022: ??? (in /usr/lib/x86_64-linux-gnu/libQt6Core.so.6.2.4)
==12924==    by 0x508511E: ??? (in /usr/lib/x86_64-linux-gnu/libQt6Network.so.6.2.4)
==12924== 
==12924== 192 bytes in 6 blocks are possibly lost in loss record 7,760 of 8,328
==12924==    at 0x4849013: operator new(unsigned long) (in /usr/libexec/valgrind/vgpreload_memcheck-amd64-linux.so)
==12924==    by 0x169A56: QMetaObject::Connection QObject::connect<void (Card::*)(Card*), void (Deck::*)(Card*)>(QtPrivate::FunctionPointer<void (Card::*)(Card*)>::Object const*, void (Card::*)(Card*), QtPrivate::FunctionPointer<void (Deck::*)(Card*)>::Object const*, void (Deck::*)(Card*), Qt::ConnectionType) (qobject.h:241)
==12924==    by 0x168C9A: Deck::push_back(Card*) (deck.cpp:33)
==12924==    by 0x15DDD7: Player::fromVariant(QVariant const&) (player.cpp:204)
==12924==    by 0x14DB54: Game::fromVariant(QVariant const&) (game.cpp:970)
==12924==    by 0x17A043: PlayerClient::onReadyRead() (playerclient.cpp:160)
==12924==    by 0x13683B: QtPrivate::FunctorCall<QtPrivate::IndexesList<>, QtPrivate::List<>, void, void (PlayerClient::*)()>::call(void (PlayerClient::*)(), PlayerClient*, void**) (qobjectdefs_impl.h:152)
==12924==    by 0x136144: void QtPrivate::FunctionPointer<void (PlayerClient::*)()>::call<QtPrivate::List<>, void>(void (PlayerClient::*)(), PlayerClient*, void**) (qobjectdefs_impl.h:185)
==12924==    by 0x135CA8: QtPrivate::QSlotObject<void (PlayerClient::*)(), QtPrivate::List<>, void>::impl(int, QtPrivate::QSlotObjectBase*, QObject*, void**, bool*) (qobjectdefs_impl.h:395)
==12924==    by 0x5ADD022: ??? (in /usr/lib/x86_64-linux-gnu/libQt6Core.so.6.2.4)
==12924==    by 0x508511E: ??? (in /usr/lib/x86_64-linux-gnu/libQt6Network.so.6.2.4)
==12924==    by 0x508D388: ??? (in /usr/lib/x86_64-linux-gnu/libQt6Network.so.6.2.4)
==12924== 
==12924== 240 bytes in 6 blocks are possibly lost in loss record 7,809 of 8,328
==12924==    at 0x4849013: operator new(unsigned long) (in /usr/libexec/valgrind/vgpreload_memcheck-amd64-linux.so)
==12924==    by 0x5ACFAEB: QObjectPrivate::addConnection(int, QObjectPrivate::Connection*) (in /usr/lib/x86_64-linux-gnu/libQt6Core.so.6.2.4)
==12924==    by 0x5AD1EB4: QObjectPrivate::connectImpl(QObject const*, int, QObject const*, void**, QtPrivate::QSlotObjectBase*, int, int const*, QMetaObject const*) (in /usr/lib/x86_64-linux-gnu/libQt6Core.so.6.2.4)
==12924==    by 0x5AD2274: QObject::connectImpl(QObject const*, void**, QObject const*, void**, QtPrivate::QSlotObjectBase*, Qt::ConnectionType, int const*, QMetaObject const*) (in /usr/lib/x86_64-linux-gnu/libQt6Core.so.6.2.4)
==12924==    by 0x169AA1: QMetaObject::Connection QObject::connect<void (Card::*)(Card*), void (Deck::*)(Card*)>(QtPrivate::FunctionPointer<void (Card::*)(Card*)>::Object const*, void (Card::*)(Card*), QtPrivate::FunctionPointer<void (Deck::*)(Card*)>::Object const*, void (Deck::*)(Card*), Qt::ConnectionType) (qobject.h:243)
==12924==    by 0x168C9A: Deck::push_back(Card*) (deck.cpp:33)
==12924==    by 0x15DDD7: Player::fromVariant(QVariant const&) (player.cpp:204)
==12924==    by 0x14DB54: Game::fromVariant(QVariant const&) (game.cpp:970)
==12924==    by 0x17A043: PlayerClient::onReadyRead() (playerclient.cpp:160)
==12924==    by 0x13683B: QtPrivate::FunctorCall<QtPrivate::IndexesList<>, QtPrivate::List<>, void, void (PlayerClient::*)()>::call(void (PlayerClient::*)(), PlayerClient*, void**) (qobjectdefs_impl.h:152)
==12924==    by 0x136144: void QtPrivate::FunctionPointer<void (PlayerClient::*)()>::call<QtPrivate::List<>, void>(void (PlayerClient::*)(), PlayerClient*, void**) (qobjectdefs_impl.h:185)
==12924==    by 0x135CA8: QtPrivate::QSlotObject<void (PlayerClient::*)(), QtPrivate::List<>, void>::impl(int, QtPrivate::QSlotObjectBase*, QObject*, void**, bool*) (qobjectdefs_impl.h:395)
==12924== 
==12924== 288 bytes in 6 blocks are possibly lost in loss record 7,875 of 8,328
==12924==    at 0x4849013: operator new(unsigned long) (in /usr/libexec/valgrind/vgpreload_memcheck-amd64-linux.so)
==12924==    by 0x15DDA7: Player::fromVariant(QVariant const&) (player.cpp:204)
==12924==    by 0x14DB54: Game::fromVariant(QVariant const&) (game.cpp:970)
==12924==    by 0x17A043: PlayerClient::onReadyRead() (playerclient.cpp:160)
==12924==    by 0x13683B: QtPrivate::FunctorCall<QtPrivate::IndexesList<>, QtPrivate::List<>, void, void (PlayerClient::*)()>::call(void (PlayerClient::*)(), PlayerClient*, void**) (qobjectdefs_impl.h:152)
==12924==    by 0x136144: void QtPrivate::FunctionPointer<void (PlayerClient::*)()>::call<QtPrivate::List<>, void>(void (PlayerClient::*)(), PlayerClient*, void**) (qobjectdefs_impl.h:185)
==12924==    by 0x135CA8: QtPrivate::QSlotObject<void (PlayerClient::*)(), QtPrivate::List<>, void>::impl(int, QtPrivate::QSlotObjectBase*, QObject*, void**, bool*) (qobjectdefs_impl.h:395)
==12924==    by 0x5ADD022: ??? (in /usr/lib/x86_64-linux-gnu/libQt6Core.so.6.2.4)
==12924==    by 0x508511E: ??? (in /usr/lib/x86_64-linux-gnu/libQt6Network.so.6.2.4)
==12924==    by 0x508D388: ??? (in /usr/lib/x86_64-linux-gnu/libQt6Network.so.6.2.4)
==12924==    by 0x49ECD35: QApplicationPrivate::notify_helper(QObject*, QEvent*) (in /usr/lib/x86_64-linux-gnu/libQt6Widgets.so.6.2.4)
==12924==    by 0x5A84A57: QCoreApplication::notifyInternal2(QObject*, QEvent*) (in /usr/lib/x86_64-linux-gnu/libQt6Core.so.6.2.4)
==12924== 
==12924== 376 bytes in 1 blocks are possibly lost in loss record 7,933 of 8,328
==12924==    at 0x4849013: operator new(unsigned long) (in /usr/libexec/valgrind/vgpreload_memcheck-amd64-linux.so)
==12924==    by 0x4D9B365: QGraphicsItem::QGraphicsItem(QGraphicsItem*) (in /usr/lib/x86_64-linux-gnu/libQt6Widgets.so.6.2.4)
==12924==    by 0x4D9B3B2: QGraphicsObject::QGraphicsObject(QGraphicsItem*) (in /usr/lib/x86_64-linux-gnu/libQt6Widgets.so.6.2.4)
==12924==    by 0x168964: Deck::Deck() (deck.cpp:8)
==12924==    by 0x15DD7B: Player::fromVariant(QVariant const&) (player.cpp:202)
==12924==    by 0x14DB54: Game::fromVariant(QVariant const&) (game.cpp:970)
==12924==    by 0x17A043: PlayerClient::onReadyRead() (playerclient.cpp:160)
==12924==    by 0x13683B: QtPrivate::FunctorCall<QtPrivate::IndexesList<>, QtPrivate::List<>, void, void (PlayerClient::*)()>::call(void (PlayerClient::*)(), PlayerClient*, void**) (qobjectdefs_impl.h:152)
==12924==    by 0x136144: void QtPrivate::FunctionPointer<void (PlayerClient::*)()>::call<QtPrivate::List<>, void>(void (PlayerClient::*)(), PlayerClient*, void**) (qobjectdefs_impl.h:185)
==12924==    by 0x135CA8: QtPrivate::QSlotObject<void (PlayerClient::*)(), QtPrivate::List<>, void>::impl(int, QtPrivate::QSlotObjectBase*, QObject*, void**, bool*) (qobjectdefs_impl.h:395)
==12924==    by 0x5ADD022: ??? (in /usr/lib/x86_64-linux-gnu/libQt6Core.so.6.2.4)
==12924==    by 0x508511E: ??? (in /usr/lib/x86_64-linux-gnu/libQt6Network.so.6.2.4)
==12924== 
==12924== 384 bytes in 1 blocks are possibly lost in loss record 7,951 of 8,328
==12924==    at 0x484A2F3: operator new[](unsigned long) (in /usr/libexec/valgrind/vgpreload_memcheck-amd64-linux.so)
==12924==    by 0x4DD38A6: ??? (in /usr/lib/x86_64-linux-gnu/libQt6Widgets.so.6.2.4)
==12924==    by 0x4DBC882: ??? (in /usr/lib/x86_64-linux-gnu/libQt6Widgets.so.6.2.4)
==12924==    by 0x4DBCC94: ??? (in /usr/lib/x86_64-linux-gnu/libQt6Widgets.so.6.2.4)
==12924==    by 0x4DBF914: ??? (in /usr/lib/x86_64-linux-gnu/libQt6Widgets.so.6.2.4)
==12924==    by 0x5AD172E: QObject::event(QEvent*) (in /usr/lib/x86_64-linux-gnu/libQt6Core.so.6.2.4)
==12924==    by 0x49ECD35: QApplicationPrivate::notify_helper(QObject*, QEvent*) (in /usr/lib/x86_64-linux-gnu/libQt6Widgets.so.6.2.4)
==12924==    by 0x5A84A57: QCoreApplication::notifyInternal2(QObject*, QEvent*) (in /usr/lib/x86_64-linux-gnu/libQt6Core.so.6.2.4)
==12924==    by 0x5A88369: QCoreApplicationPrivate::sendPostedEvents(QObject*, int, QThreadData*) (in /usr/lib/x86_64-linux-gnu/libQt6Core.so.6.2.4)
==12924==    by 0x5CAD636: ??? (in /usr/lib/x86_64-linux-gnu/libQt6Core.so.6.2.4)
==12924==    by 0x671ED3A: g_main_context_dispatch (in /usr/lib/x86_64-linux-gnu/libglib-2.0.so.0.7200.4)
==12924==    by 0x67742B7: ??? (in /usr/lib/x86_64-linux-gnu/libglib-2.0.so.0.7200.4)
==12924== 
==12924== 416 bytes in 1 blocks are possibly lost in loss record 7,977 of 8,328
==12924==    at 0x484DA83: calloc (in /usr/libexec/valgrind/vgpreload_memcheck-amd64-linux.so)
==12924==    by 0x40147D9: calloc (rtld-malloc.h:44)
==12924==    by 0x40147D9: allocate_dtv (dl-tls.c:375)
==12924==    by 0x40147D9: _dl_allocate_tls (dl-tls.c:634)
==12924==    by 0x61417B4: allocate_stack (allocatestack.c:430)
==12924==    by 0x61417B4: pthread_create@@GLIBC_2.34 (pthread_create.c:647)
==12924==    by 0x6773564: ??? (in /usr/lib/x86_64-linux-gnu/libglib-2.0.so.0.7200.4)
==12924==    by 0x674ED2C: g_thread_new (in /usr/lib/x86_64-linux-gnu/libglib-2.0.so.0.7200.4)
==12924==    by 0x671F616: ??? (in /usr/lib/x86_64-linux-gnu/libglib-2.0.so.0.7200.4)
==12924==    by 0xB8267D7: ??? (in /usr/lib/x86_64-linux-gnu/libgio-2.0.so.0.7200.4)
==12924==    by 0xB826884: g_task_get_type (in /usr/lib/x86_64-linux-gnu/libgio-2.0.so.0.7200.4)
==12924==    by 0xB893108: ??? (in /usr/lib/x86_64-linux-gnu/libgio-2.0.so.0.7200.4)
==12924==    by 0xB893898: g_dbus_proxy_new_for_bus (in /usr/lib/x86_64-linux-gnu/libgio-2.0.so.0.7200.4)
==12924==    by 0xB2FDD7B: ??? (in /usr/lib/x86_64-linux-gnu/libgdk-3.so.0.2404.29)
==12924==    by 0xB29C68E: gdk_display_manager_open_display (in /usr/lib/x86_64-linux-gnu/libgdk-3.so.0.2404.29)
==12924== 
==12924== 416 bytes in 1 blocks are possibly lost in loss record 7,978 of 8,328
==12924==    at 0x484DA83: calloc (in /usr/libexec/valgrind/vgpreload_memcheck-amd64-linux.so)
==12924==    by 0x40147D9: calloc (rtld-malloc.h:44)
==12924==    by 0x40147D9: allocate_dtv (dl-tls.c:375)
==12924==    by 0x40147D9: _dl_allocate_tls (dl-tls.c:634)
==12924==    by 0x61417B4: allocate_stack (allocatestack.c:430)
==12924==    by 0x61417B4: pthread_create@@GLIBC_2.34 (pthread_create.c:647)
==12924==    by 0x6773564: ??? (in /usr/lib/x86_64-linux-gnu/libglib-2.0.so.0.7200.4)
==12924==    by 0x674ED2C: g_thread_new (in /usr/lib/x86_64-linux-gnu/libglib-2.0.so.0.7200.4)
==12924==    by 0xB87C119: ??? (in /usr/lib/x86_64-linux-gnu/libgio-2.0.so.0.7200.4)
==12924==    by 0xB7BD84B: ??? (in /usr/lib/x86_64-linux-gnu/libgio-2.0.so.0.7200.4)
==12924==    by 0xB828193: ??? (in /usr/lib/x86_64-linux-gnu/libgio-2.0.so.0.7200.4)
==12924==    by 0x6750713: ??? (in /usr/lib/x86_64-linux-gnu/libglib-2.0.so.0.7200.4)
==12924==    by 0x674DAB0: ??? (in /usr/lib/x86_64-linux-gnu/libglib-2.0.so.0.7200.4)
==12924==    by 0x6140AC2: start_thread (pthread_create.c:442)
==12924==    by 0x61D1A03: clone (clone.S:100)
==12924== 
==12924== 416 bytes in 1 blocks are possibly lost in loss record 7,979 of 8,328
==12924==    at 0x484DA83: calloc (in /usr/libexec/valgrind/vgpreload_memcheck-amd64-linux.so)
==12924==    by 0x40147D9: calloc (rtld-malloc.h:44)
==12924==    by 0x40147D9: allocate_dtv (dl-tls.c:375)
==12924==    by 0x40147D9: _dl_allocate_tls (dl-tls.c:634)
==12924==    by 0x61417B4: allocate_stack (allocatestack.c:430)
==12924==    by 0x61417B4: pthread_create@@GLIBC_2.34 (pthread_create.c:647)
==12924==    by 0x6773564: ??? (in /usr/lib/x86_64-linux-gnu/libglib-2.0.so.0.7200.4)
==12924==    by 0x674ED2C: g_thread_new (in /usr/lib/x86_64-linux-gnu/libglib-2.0.so.0.7200.4)
==12924==    by 0xCCB7441: ??? (in /usr/lib/x86_64-linux-gnu/gio/modules/libdconfsettings.so)
==12924==    by 0xCCB92C4: ??? (in /usr/lib/x86_64-linux-gnu/gio/modules/libdconfsettings.so)
==12924==    by 0xCCB94E8: ??? (in /usr/lib/x86_64-linux-gnu/gio/modules/libdconfsettings.so)
==12924==    by 0xB3F71DE: ??? (in /usr/lib/x86_64-linux-gnu/libgobject-2.0.so.0.7200.4)
==12924==    by 0xB3F88F7: g_object_new_valist (in /usr/lib/x86_64-linux-gnu/libgobject-2.0.so.0.7200.4)
==12924==    by 0xB3F8E2C: g_object_new (in /usr/lib/x86_64-linux-gnu/libgobject-2.0.so.0.7200.4)
==12924==    by 0xB8696F3: g_settings_new_full (in /usr/lib/x86_64-linux-gnu/libgio-2.0.so.0.7200.4)
==12924== 
==12924== 416 bytes in 1 blocks are possibly lost in loss record 7,980 of 8,328
==12924==    at 0x484DA83: calloc (in /usr/libexec/valgrind/vgpreload_memcheck-amd64-linux.so)
==12924==    by 0x40147D9: calloc (rtld-malloc.h:44)
==12924==    by 0x40147D9: allocate_dtv (dl-tls.c:375)
==12924==    by 0x40147D9: _dl_allocate_tls (dl-tls.c:634)
==12924==    by 0x61417B4: allocate_stack (allocatestack.c:430)
==12924==    by 0x61417B4: pthread_create@@GLIBC_2.34 (pthread_create.c:647)
==12924==    by 0x5BEE9DD: QThread::start(QThread::Priority) (in /usr/lib/x86_64-linux-gnu/libQt6Core.so.6.2.4)
==12924==    by 0x6842161: QDBusConnection::connectToBus(QString const&, QString const&) (in /usr/lib/x86_64-linux-gnu/libQt6DBus.so.6.2.4)
==12924==    by 0xDDCB8CF: ??? (in /usr/lib/x86_64-linux-gnu/qt6/plugins/platforminputcontexts/libibusplatforminputcontextplugin.so)
==12924==    by 0xDDCC032: ??? (in /usr/lib/x86_64-linux-gnu/qt6/plugins/platforminputcontexts/libibusplatforminputcontextplugin.so)
==12924==    by 0xDDCC2FA: ??? (in /usr/lib/x86_64-linux-gnu/qt6/plugins/platforminputcontexts/libibusplatforminputcontextplugin.so)
==12924==    by 0xDDC4605: ??? (in /usr/lib/x86_64-linux-gnu/qt6/plugins/platforminputcontexts/libibusplatforminputcontextplugin.so)
==12924==    by 0x5393A39: QPlatformInputContextFactory::create(QString const&) (in /usr/lib/x86_64-linux-gnu/libQt6Gui.so.6.2.4)
==12924==    by 0xA0CCC4D: QXcbIntegration::initialize() (in /usr/lib/x86_64-linux-gnu/libQt6XcbQpa.so.6.2.4)
==12924==    by 0x5A8ACC6: QCoreApplicationPrivate::init() (in /usr/lib/x86_64-linux-gnu/libQt6Core.so.6.2.4)
==12924== 
==12924== 528 bytes in 6 blocks are possibly lost in loss record 8,033 of 8,328
==12924==    at 0x4849013: operator new(unsigned long) (in /usr/libexec/valgrind/vgpreload_memcheck-amd64-linux.so)
==12924==    by 0x5AD1DE8: QObjectPrivate::connectImpl(QObject const*, int, QObject const*, void**, QtPrivate::QSlotObjectBase*, int, int const*, QMetaObject const*) (in /usr/lib/x86_64-linux-gnu/libQt6Core.so.6.2.4)
==12924==    by 0x5AD2274: QObject::connectImpl(QObject const*, void**, QObject const*, void**, QtPrivate::QSlotObjectBase*, Qt::ConnectionType, int const*, QMetaObject const*) (in /usr/lib/x86_64-linux-gnu/libQt6Core.so.6.2.4)
==12924==    by 0x169AA1: QMetaObject::Connection QObject::connect<void (Card::*)(Card*), void (Deck::*)(Card*)>(QtPrivate::FunctionPointer<void (Card::*)(Card*)>::Object const*, void (Card::*)(Card*), QtPrivate::FunctionPointer<void (Deck::*)(Card*)>::Object const*, void (Deck::*)(Card*), Qt::ConnectionType) (qobject.h:243)
==12924==    by 0x168C9A: Deck::push_back(Card*) (deck.cpp:33)
==12924==    by 0x15DDD7: Player::fromVariant(QVariant const&) (player.cpp:204)
==12924==    by 0x14DB54: Game::fromVariant(QVariant const&) (game.cpp:970)
==12924==    by 0x17A043: PlayerClient::onReadyRead() (playerclient.cpp:160)
==12924==    by 0x13683B: QtPrivate::FunctorCall<QtPrivate::IndexesList<>, QtPrivate::List<>, void, void (PlayerClient::*)()>::call(void (PlayerClient::*)(), PlayerClient*, void**) (qobjectdefs_impl.h:152)
==12924==    by 0x136144: void QtPrivate::FunctionPointer<void (PlayerClient::*)()>::call<QtPrivate::List<>, void>(void (PlayerClient::*)(), PlayerClient*, void**) (qobjectdefs_impl.h:185)
==12924==    by 0x135CA8: QtPrivate::QSlotObject<void (PlayerClient::*)(), QtPrivate::List<>, void>::impl(int, QtPrivate::QSlotObjectBase*, QObject*, void**, bool*) (qobjectdefs_impl.h:395)
==12924==    by 0x5ADD022: ??? (in /usr/lib/x86_64-linux-gnu/libQt6Core.so.6.2.4)
==12924== 
==12924== 536 (120 direct, 416 indirect) bytes in 1 blocks are definitely lost in loss record 8,040 of 8,328
==12924==    at 0x4849013: operator new(unsigned long) (in /usr/libexec/valgrind/vgpreload_memcheck-amd64-linux.so)
==12924==    by 0x5ADB4A8: QObject::QObject(QObject*) (in /usr/lib/x86_64-linux-gnu/libQt6Core.so.6.2.4)
==12924==    by 0x4D9B3A6: QGraphicsObject::QGraphicsObject(QGraphicsItem*) (in /usr/lib/x86_64-linux-gnu/libQt6Widgets.so.6.2.4)
==12924==    by 0x176646: Sheriff::Sheriff() (sheriff.cpp:5)
==12924==    by 0x13E3BC: Wagon::fromVariant(QVariant const&) (wagon.cpp:436)
==12924==    by 0x164486: Train::fromVariant(QVariant const&) (train.cpp:172)
==12924==    by 0x14DC28: Game::fromVariant(QVariant const&) (game.cpp:975)
==12924==    by 0x17A043: PlayerClient::onReadyRead() (playerclient.cpp:160)
==12924==    by 0x13683B: QtPrivate::FunctorCall<QtPrivate::IndexesList<>, QtPrivate::List<>, void, void (PlayerClient::*)()>::call(void (PlayerClient::*)(), PlayerClient*, void**) (qobjectdefs_impl.h:152)
==12924==    by 0x136144: void QtPrivate::FunctionPointer<void (PlayerClient::*)()>::call<QtPrivate::List<>, void>(void (PlayerClient::*)(), PlayerClient*, void**) (qobjectdefs_impl.h:185)
==12924==    by 0x135CA8: QtPrivate::QSlotObject<void (PlayerClient::*)(), QtPrivate::List<>, void>::impl(int, QtPrivate::QSlotObjectBase*, QObject*, void**, bool*) (qobjectdefs_impl.h:395)
==12924==    by 0x5ADD022: ??? (in /usr/lib/x86_64-linux-gnu/libQt6Core.so.6.2.4)
==12924== 
==12924== 720 bytes in 6 blocks are possibly lost in loss record 8,073 of 8,328
==12924==    at 0x4849013: operator new(unsigned long) (in /usr/libexec/valgrind/vgpreload_memcheck-amd64-linux.so)
==12924==    by 0x5ADB4A8: QObject::QObject(QObject*) (in /usr/lib/x86_64-linux-gnu/libQt6Core.so.6.2.4)
==12924==    by 0x4D9B3A6: QGraphicsObject::QGraphicsObject(QGraphicsItem*) (in /usr/lib/x86_64-linux-gnu/libQt6Widgets.so.6.2.4)
==12924==    by 0x160C50: Card::Card() (card.cpp:4)
==12924==    by 0x160F66: BanditCard::BanditCard(BanditType) (banditcard.cpp:4)
==12924==    by 0x1628E0: BulletCard::BulletCard(BanditType, unsigned int) (bulletcard.cpp:5)
==12924==    by 0x15DDC8: Player::fromVariant(QVariant const&) (player.cpp:204)
==12924==    by 0x14DB54: Game::fromVariant(QVariant const&) (game.cpp:970)
==12924==    by 0x17A043: PlayerClient::onReadyRead() (playerclient.cpp:160)
==12924==    by 0x13683B: QtPrivate::FunctorCall<QtPrivate::IndexesList<>, QtPrivate::List<>, void, void (PlayerClient::*)()>::call(void (PlayerClient::*)(), PlayerClient*, void**) (qobjectdefs_impl.h:152)
==12924==    by 0x136144: void QtPrivate::FunctionPointer<void (PlayerClient::*)()>::call<QtPrivate::List<>, void>(void (PlayerClient::*)(), PlayerClient*, void**) (qobjectdefs_impl.h:185)
==12924==    by 0x135CA8: QtPrivate::QSlotObject<void (PlayerClient::*)(), QtPrivate::List<>, void>::impl(int, QtPrivate::QSlotObjectBase*, QObject*, void**, bool*) (qobjectdefs_impl.h:395)
==12924== 
==12924== 2,256 bytes in 6 blocks are possibly lost in loss record 8,225 of 8,328
==12924==    at 0x4849013: operator new(unsigned long) (in /usr/libexec/valgrind/vgpreload_memcheck-amd64-linux.so)
==12924==    by 0x4D9B365: QGraphicsItem::QGraphicsItem(QGraphicsItem*) (in /usr/lib/x86_64-linux-gnu/libQt6Widgets.so.6.2.4)
==12924==    by 0x4D9B3B2: QGraphicsObject::QGraphicsObject(QGraphicsItem*) (in /usr/lib/x86_64-linux-gnu/libQt6Widgets.so.6.2.4)
==12924==    by 0x160C50: Card::Card() (card.cpp:4)
==12924==    by 0x160F66: BanditCard::BanditCard(BanditType) (banditcard.cpp:4)
==12924==    by 0x1628E0: BulletCard::BulletCard(BanditType, unsigned int) (bulletcard.cpp:5)
==12924==    by 0x15DDC8: Player::fromVariant(QVariant const&) (player.cpp:204)
==12924==    by 0x14DB54: Game::fromVariant(QVariant const&) (game.cpp:970)
==12924==    by 0x17A043: PlayerClient::onReadyRead() (playerclient.cpp:160)
==12924==    by 0x13683B: QtPrivate::FunctorCall<QtPrivate::IndexesList<>, QtPrivate::List<>, void, void (PlayerClient::*)()>::call(void (PlayerClient::*)(), PlayerClient*, void**) (qobjectdefs_impl.h:152)
==12924==    by 0x136144: void QtPrivate::FunctionPointer<void (PlayerClient::*)()>::call<QtPrivate::List<>, void>(void (PlayerClient::*)(), PlayerClient*, void**) (qobjectdefs_impl.h:185)
==12924==    by 0x135CA8: QtPrivate::QSlotObject<void (PlayerClient::*)(), QtPrivate::List<>, void>::impl(int, QtPrivate::QSlotObjectBase*, QObject*, void**, bool*) (qobjectdefs_impl.h:395)
==12924== 
==12924== 2,496 bytes in 6 blocks are possibly lost in loss record 8,232 of 8,328
==12924==    at 0x4848899: malloc (in /usr/libexec/valgrind/vgpreload_memcheck-amd64-linux.so)
==12924==    by 0x5ACFCE4: QObjectPrivate::addConnection(int, QObjectPrivate::Connection*) (in /usr/lib/x86_64-linux-gnu/libQt6Core.so.6.2.4)
==12924==    by 0x5AD1EB4: QObjectPrivate::connectImpl(QObject const*, int, QObject const*, void**, QtPrivate::QSlotObjectBase*, int, int const*, QMetaObject const*) (in /usr/lib/x86_64-linux-gnu/libQt6Core.so.6.2.4)
==12924==    by 0x5AD2274: QObject::connectImpl(QObject const*, void**, QObject const*, void**, QtPrivate::QSlotObjectBase*, Qt::ConnectionType, int const*, QMetaObject const*) (in /usr/lib/x86_64-linux-gnu/libQt6Core.so.6.2.4)
==12924==    by 0x169AA1: QMetaObject::Connection QObject::connect<void (Card::*)(Card*), void (Deck::*)(Card*)>(QtPrivate::FunctionPointer<void (Card::*)(Card*)>::Object const*, void (Card::*)(Card*), QtPrivate::FunctionPointer<void (Deck::*)(Card*)>::Object const*, void (Deck::*)(Card*), Qt::ConnectionType) (qobject.h:243)
==12924==    by 0x168C9A: Deck::push_back(Card*) (deck.cpp:33)
==12924==    by 0x15DDD7: Player::fromVariant(QVariant const&) (player.cpp:204)
==12924==    by 0x14DB54: Game::fromVariant(QVariant const&) (game.cpp:970)
==12924==    by 0x17A043: PlayerClient::onReadyRead() (playerclient.cpp:160)
==12924==    by 0x13683B: QtPrivate::FunctorCall<QtPrivate::IndexesList<>, QtPrivate::List<>, void, void (PlayerClient::*)()>::call(void (PlayerClient::*)(), PlayerClient*, void**) (qobjectdefs_impl.h:152)
==12924==    by 0x136144: void QtPrivate::FunctionPointer<void (PlayerClient::*)()>::call<QtPrivate::List<>, void>(void (PlayerClient::*)(), PlayerClient*, void**) (qobjectdefs_impl.h:185)
==12924==    by 0x135CA8: QtPrivate::QSlotObject<void (PlayerClient::*)(), QtPrivate::List<>, void>::impl(int, QtPrivate::QSlotObjectBase*, QObject*, void**, bool*) (qobjectdefs_impl.h:395)
==12924== 
==12924== 232,222 (8 direct, 232,214 indirect) bytes in 1 blocks are definitely lost in loss record 8,326 of 8,328
==12924==    at 0x4849013: operator new(unsigned long) (in /usr/libexec/valgrind/vgpreload_memcheck-amd64-linux.so)
==12924==    by 0x14229D: __gnu_cxx::new_allocator<Player*>::allocate(unsigned long, void const*) (new_allocator.h:127)
==12924==    by 0x141697: std::allocator_traits<std::allocator<Player*> >::allocate(std::allocator<Player*>&, unsigned long) (alloc_traits.h:464)
==12924==    by 0x140E03: std::_Vector_base<Player*, std::allocator<Player*> >::_M_allocate(unsigned long) (stl_vector.h:346)
==12924==    by 0x14001E: void std::vector<Player*, std::allocator<Player*> >::_M_realloc_insert<Player* const&>(__gnu_cxx::__normal_iterator<Player**, std::vector<Player*, std::allocator<Player*> > >, Player* const&) (vector.tcc:440)
==12924==    by 0x13F369: std::vector<Player*, std::allocator<Player*> >::push_back(Player* const&) (stl_vector.h:1198)
==12924==    by 0x13C346: Wagon::addPlayerDown(Player*) (wagon.cpp:159)
==12924==    by 0x16EA10: PlayerPerspective::onPlayerChoseWagon(int, int) (playerperspective.cpp:211)
==12924==    by 0x1363B7: QtPrivate::FunctorCall<QtPrivate::IndexesList<0, 1>, QtPrivate::List<int, int>, void, void (PlayerPerspective::*)(int, int)>::call(void (PlayerPerspective::*)(int, int), PlayerPerspective*, void**) (qobjectdefs_impl.h:152)
==12924==    by 0x135F8E: void QtPrivate::FunctionPointer<void (PlayerPerspective::*)(int, int)>::call<QtPrivate::List<int, int>, void>(void (PlayerPerspective::*)(int, int), PlayerPerspective*, void**) (qobjectdefs_impl.h:185)
==12924==    by 0x1356E4: QtPrivate::QSlotObject<void (PlayerPerspective::*)(int, int), QtPrivate::List<int, int>, void>::impl(int, QtPrivate::QSlotObjectBase*, QObject*, void**, bool*) (qobjectdefs_impl.h:395)
==12924==    by 0x5ADD022: ??? (in /usr/lib/x86_64-linux-gnu/libQt6Core.so.6.2.4)
==12924== 
