==5041== Invalid read of size 8
==5041==    at 0x40286A0: strncmp (strcmp.S:170)
==5041==    by 0x400668D: is_dst (dl-load.c:216)
==5041==    by 0x400810E: _dl_dst_count (dl-load.c:253)
==5041==    by 0x400810E: expand_dynamic_string_token (dl-load.c:395)
==5041==    by 0x40082B7: fillin_rpath.isra.0 (dl-load.c:483)
==5041==    by 0x4008602: decompose_rpath (dl-load.c:654)
==5041==    by 0x400ABF5: cache_rpath (dl-load.c:696)
==5041==    by 0x400ABF5: cache_rpath (dl-load.c:677)
==5041==    by 0x400ABF5: _dl_map_object (dl-load.c:2165)
==5041==    by 0x4003494: openaux (dl-deps.c:64)
==5041==    by 0x6220A97: _dl_catch_exception (dl-error-skeleton.c:208)
==5041==    by 0x4003C7B: _dl_map_object_deps (dl-deps.c:248)
==5041==    by 0x400EA0E: dl_open_worker_begin (dl-open.c:592)
==5041==    by 0x6220A97: _dl_catch_exception (dl-error-skeleton.c:208)
==5041==    by 0x400DF99: dl_open_worker (dl-open.c:782)
==5041==  Address 0x944e9e1 is 1 bytes inside a block of size 8 alloc'd
==5041==    at 0x4848899: malloc (in /usr/libexec/valgrind/vgpreload_memcheck-amd64-linux.so)
==5041==    by 0x40271DF: malloc (rtld-malloc.h:56)
==5041==    by 0x40271DF: strdup (strdup.c:42)
==5041==    by 0x4008594: decompose_rpath (dl-load.c:629)
==5041==    by 0x400ABF5: cache_rpath (dl-load.c:696)
==5041==    by 0x400ABF5: cache_rpath (dl-load.c:677)
==5041==    by 0x400ABF5: _dl_map_object (dl-load.c:2165)
==5041==    by 0x4003494: openaux (dl-deps.c:64)
==5041==    by 0x6220A97: _dl_catch_exception (dl-error-skeleton.c:208)
==5041==    by 0x4003C7B: _dl_map_object_deps (dl-deps.c:248)
==5041==    by 0x400EA0E: dl_open_worker_begin (dl-open.c:592)
==5041==    by 0x6220A97: _dl_catch_exception (dl-error-skeleton.c:208)
==5041==    by 0x400DF99: dl_open_worker (dl-open.c:782)
==5041==    by 0x6220A97: _dl_catch_exception (dl-error-skeleton.c:208)
==5041==    by 0x400E34D: _dl_open (dl-open.c:883)
==5041== 
==5041== Invalid read of size 8
==5041==    at 0x40286A8: strncmp (strcmp.S:172)
==5041==    by 0x400668D: is_dst (dl-load.c:216)
==5041==    by 0x400810E: _dl_dst_count (dl-load.c:253)
==5041==    by 0x400810E: expand_dynamic_string_token (dl-load.c:395)
==5041==    by 0x40082B7: fillin_rpath.isra.0 (dl-load.c:483)
==5041==    by 0x4008602: decompose_rpath (dl-load.c:654)
==5041==    by 0x400ABF5: cache_rpath (dl-load.c:696)
==5041==    by 0x400ABF5: cache_rpath (dl-load.c:677)
==5041==    by 0x400ABF5: _dl_map_object (dl-load.c:2165)
==5041==    by 0x4003494: openaux (dl-deps.c:64)
==5041==    by 0x6220A97: _dl_catch_exception (dl-error-skeleton.c:208)
==5041==    by 0x4003C7B: _dl_map_object_deps (dl-deps.c:248)
==5041==    by 0x400EA0E: dl_open_worker_begin (dl-open.c:592)
==5041==    by 0x6220A97: _dl_catch_exception (dl-error-skeleton.c:208)
==5041==    by 0x400DF99: dl_open_worker (dl-open.c:782)
==5041==  Address 0x944e9e9 is 1 bytes after a block of size 8 alloc'd
==5041==    at 0x4848899: malloc (in /usr/libexec/valgrind/vgpreload_memcheck-amd64-linux.so)
==5041==    by 0x40271DF: malloc (rtld-malloc.h:56)
==5041==    by 0x40271DF: strdup (strdup.c:42)
==5041==    by 0x4008594: decompose_rpath (dl-load.c:629)
==5041==    by 0x400ABF5: cache_rpath (dl-load.c:696)
==5041==    by 0x400ABF5: cache_rpath (dl-load.c:677)
==5041==    by 0x400ABF5: _dl_map_object (dl-load.c:2165)
==5041==    by 0x4003494: openaux (dl-deps.c:64)
==5041==    by 0x6220A97: _dl_catch_exception (dl-error-skeleton.c:208)
==5041==    by 0x4003C7B: _dl_map_object_deps (dl-deps.c:248)
==5041==    by 0x400EA0E: dl_open_worker_begin (dl-open.c:592)
==5041==    by 0x6220A97: _dl_catch_exception (dl-error-skeleton.c:208)
==5041==    by 0x400DF99: dl_open_worker (dl-open.c:782)
==5041==    by 0x6220A97: _dl_catch_exception (dl-error-skeleton.c:208)
==5041==    by 0x400E34D: _dl_open (dl-open.c:883)
==5041== 
==5041== Invalid read of size 8
==5041==    at 0x40286A0: strncmp (strcmp.S:170)
==5041==    by 0x400668D: is_dst (dl-load.c:216)
==5041==    by 0x4007F79: _dl_dst_substitute (dl-load.c:295)
==5041==    by 0x40082B7: fillin_rpath.isra.0 (dl-load.c:483)
==5041==    by 0x4008602: decompose_rpath (dl-load.c:654)
==5041==    by 0x400ABF5: cache_rpath (dl-load.c:696)
==5041==    by 0x400ABF5: cache_rpath (dl-load.c:677)
==5041==    by 0x400ABF5: _dl_map_object (dl-load.c:2165)
==5041==    by 0x4003494: openaux (dl-deps.c:64)
==5041==    by 0x6220A97: _dl_catch_exception (dl-error-skeleton.c:208)
==5041==    by 0x4003C7B: _dl_map_object_deps (dl-deps.c:248)
==5041==    by 0x400EA0E: dl_open_worker_begin (dl-open.c:592)
==5041==    by 0x6220A97: _dl_catch_exception (dl-error-skeleton.c:208)
==5041==    by 0x400DF99: dl_open_worker (dl-open.c:782)
==5041==  Address 0x944e9e1 is 1 bytes inside a block of size 8 alloc'd
==5041==    at 0x4848899: malloc (in /usr/libexec/valgrind/vgpreload_memcheck-amd64-linux.so)
==5041==    by 0x40271DF: malloc (rtld-malloc.h:56)
==5041==    by 0x40271DF: strdup (strdup.c:42)
==5041==    by 0x4008594: decompose_rpath (dl-load.c:629)
==5041==    by 0x400ABF5: cache_rpath (dl-load.c:696)
==5041==    by 0x400ABF5: cache_rpath (dl-load.c:677)
==5041==    by 0x400ABF5: _dl_map_object (dl-load.c:2165)
==5041==    by 0x4003494: openaux (dl-deps.c:64)
==5041==    by 0x6220A97: _dl_catch_exception (dl-error-skeleton.c:208)
==5041==    by 0x4003C7B: _dl_map_object_deps (dl-deps.c:248)
==5041==    by 0x400EA0E: dl_open_worker_begin (dl-open.c:592)
==5041==    by 0x6220A97: _dl_catch_exception (dl-error-skeleton.c:208)
==5041==    by 0x400DF99: dl_open_worker (dl-open.c:782)
==5041==    by 0x6220A97: _dl_catch_exception (dl-error-skeleton.c:208)
==5041==    by 0x400E34D: _dl_open (dl-open.c:883)
==5041== 
==5041== Invalid read of size 8
==5041==    at 0x40286A8: strncmp (strcmp.S:172)
==5041==    by 0x400668D: is_dst (dl-load.c:216)
==5041==    by 0x4007F79: _dl_dst_substitute (dl-load.c:295)
==5041==    by 0x40082B7: fillin_rpath.isra.0 (dl-load.c:483)
==5041==    by 0x4008602: decompose_rpath (dl-load.c:654)
==5041==    by 0x400ABF5: cache_rpath (dl-load.c:696)
==5041==    by 0x400ABF5: cache_rpath (dl-load.c:677)
==5041==    by 0x400ABF5: _dl_map_object (dl-load.c:2165)
==5041==    by 0x4003494: openaux (dl-deps.c:64)
==5041==    by 0x6220A97: _dl_catch_exception (dl-error-skeleton.c:208)
==5041==    by 0x4003C7B: _dl_map_object_deps (dl-deps.c:248)
==5041==    by 0x400EA0E: dl_open_worker_begin (dl-open.c:592)
==5041==    by 0x6220A97: _dl_catch_exception (dl-error-skeleton.c:208)
==5041==    by 0x400DF99: dl_open_worker (dl-open.c:782)
==5041==  Address 0x944e9e9 is 1 bytes after a block of size 8 alloc'd
==5041==    at 0x4848899: malloc (in /usr/libexec/valgrind/vgpreload_memcheck-amd64-linux.so)
==5041==    by 0x40271DF: malloc (rtld-malloc.h:56)
==5041==    by 0x40271DF: strdup (strdup.c:42)
==5041==    by 0x4008594: decompose_rpath (dl-load.c:629)
==5041==    by 0x400ABF5: cache_rpath (dl-load.c:696)
==5041==    by 0x400ABF5: cache_rpath (dl-load.c:677)
==5041==    by 0x400ABF5: _dl_map_object (dl-load.c:2165)
==5041==    by 0x4003494: openaux (dl-deps.c:64)
==5041==    by 0x6220A97: _dl_catch_exception (dl-error-skeleton.c:208)
==5041==    by 0x4003C7B: _dl_map_object_deps (dl-deps.c:248)
==5041==    by 0x400EA0E: dl_open_worker_begin (dl-open.c:592)
==5041==    by 0x6220A97: _dl_catch_exception (dl-error-skeleton.c:208)
==5041==    by 0x400DF99: dl_open_worker (dl-open.c:782)
==5041==    by 0x6220A97: _dl_catch_exception (dl-error-skeleton.c:208)
==5041==    by 0x400E34D: _dl_open (dl-open.c:883)
==5041== 
==5041== 64 bytes in 1 blocks are definitely lost in loss record 5,879 of 8,313
==5041==    at 0x4849013: operator new(unsigned long) (in /usr/libexec/valgrind/vgpreload_memcheck-amd64-linux.so)
==5041==    by 0x138495CD: ???
==5041==    by 0x130E0593: ???
==5041==    by 0x400647D: call_init.part.0 (dl-init.c:70)
==5041==    by 0x4006567: call_init (dl-init.c:33)
==5041==    by 0x4006567: _dl_init (dl-init.c:117)
==5041==    by 0x6220AF4: _dl_catch_exception (dl-error-skeleton.c:182)
==5041==    by 0x400DFF5: dl_open_worker (dl-open.c:808)
==5041==    by 0x400DFF5: dl_open_worker (dl-open.c:771)
==5041==    by 0x6220A97: _dl_catch_exception (dl-error-skeleton.c:208)
==5041==    by 0x400E34D: _dl_open (dl-open.c:883)
==5041==    by 0x613C63B: dlopen_doit (dlopen.c:56)
==5041==    by 0x6220A97: _dl_catch_exception (dl-error-skeleton.c:208)
==5041==    by 0x6220B62: _dl_catch_error (dl-error-skeleton.c:227)
==5041== 
==5041== 416 bytes in 1 blocks are possibly lost in loss record 7,967 of 8,313
==5041==    at 0x484DA83: calloc (in /usr/libexec/valgrind/vgpreload_memcheck-amd64-linux.so)
==5041==    by 0x40147D9: calloc (rtld-malloc.h:44)
==5041==    by 0x40147D9: allocate_dtv (dl-tls.c:375)
==5041==    by 0x40147D9: _dl_allocate_tls (dl-tls.c:634)
==5041==    by 0x61417B4: allocate_stack (allocatestack.c:430)
==5041==    by 0x61417B4: pthread_create@@GLIBC_2.34 (pthread_create.c:647)
==5041==    by 0x6773564: ??? (in /usr/lib/x86_64-linux-gnu/libglib-2.0.so.0.7200.4)
==5041==    by 0x674ED2C: g_thread_new (in /usr/lib/x86_64-linux-gnu/libglib-2.0.so.0.7200.4)
==5041==    by 0x671F616: ??? (in /usr/lib/x86_64-linux-gnu/libglib-2.0.so.0.7200.4)
==5041==    by 0xB8267D7: ??? (in /usr/lib/x86_64-linux-gnu/libgio-2.0.so.0.7200.4)
==5041==    by 0xB826884: g_task_get_type (in /usr/lib/x86_64-linux-gnu/libgio-2.0.so.0.7200.4)
==5041==    by 0xB893108: ??? (in /usr/lib/x86_64-linux-gnu/libgio-2.0.so.0.7200.4)
==5041==    by 0xB893898: g_dbus_proxy_new_for_bus (in /usr/lib/x86_64-linux-gnu/libgio-2.0.so.0.7200.4)
==5041==    by 0xB2FDD7B: ??? (in /usr/lib/x86_64-linux-gnu/libgdk-3.so.0.2404.29)
==5041==    by 0xB29C68E: gdk_display_manager_open_display (in /usr/lib/x86_64-linux-gnu/libgdk-3.so.0.2404.29)
==5041== 
==5041== 416 bytes in 1 blocks are possibly lost in loss record 7,968 of 8,313
==5041==    at 0x484DA83: calloc (in /usr/libexec/valgrind/vgpreload_memcheck-amd64-linux.so)
==5041==    by 0x40147D9: calloc (rtld-malloc.h:44)
==5041==    by 0x40147D9: allocate_dtv (dl-tls.c:375)
==5041==    by 0x40147D9: _dl_allocate_tls (dl-tls.c:634)
==5041==    by 0x61417B4: allocate_stack (allocatestack.c:430)
==5041==    by 0x61417B4: pthread_create@@GLIBC_2.34 (pthread_create.c:647)
==5041==    by 0x6773564: ??? (in /usr/lib/x86_64-linux-gnu/libglib-2.0.so.0.7200.4)
==5041==    by 0x674ED2C: g_thread_new (in /usr/lib/x86_64-linux-gnu/libglib-2.0.so.0.7200.4)
==5041==    by 0xB87C119: ??? (in /usr/lib/x86_64-linux-gnu/libgio-2.0.so.0.7200.4)
==5041==    by 0xB7BD84B: ??? (in /usr/lib/x86_64-linux-gnu/libgio-2.0.so.0.7200.4)
==5041==    by 0xB828193: ??? (in /usr/lib/x86_64-linux-gnu/libgio-2.0.so.0.7200.4)
==5041==    by 0x6750713: ??? (in /usr/lib/x86_64-linux-gnu/libglib-2.0.so.0.7200.4)
==5041==    by 0x674DAB0: ??? (in /usr/lib/x86_64-linux-gnu/libglib-2.0.so.0.7200.4)
==5041==    by 0x6140AC2: start_thread (pthread_create.c:442)
==5041==    by 0x61D1A03: clone (clone.S:100)
==5041== 
==5041== 416 bytes in 1 blocks are possibly lost in loss record 7,969 of 8,313
==5041==    at 0x484DA83: calloc (in /usr/libexec/valgrind/vgpreload_memcheck-amd64-linux.so)
==5041==    by 0x40147D9: calloc (rtld-malloc.h:44)
==5041==    by 0x40147D9: allocate_dtv (dl-tls.c:375)
==5041==    by 0x40147D9: _dl_allocate_tls (dl-tls.c:634)
==5041==    by 0x61417B4: allocate_stack (allocatestack.c:430)
==5041==    by 0x61417B4: pthread_create@@GLIBC_2.34 (pthread_create.c:647)
==5041==    by 0x6773564: ??? (in /usr/lib/x86_64-linux-gnu/libglib-2.0.so.0.7200.4)
==5041==    by 0x674ED2C: g_thread_new (in /usr/lib/x86_64-linux-gnu/libglib-2.0.so.0.7200.4)
==5041==    by 0xD4B8441: ??? (in /usr/lib/x86_64-linux-gnu/gio/modules/libdconfsettings.so)
==5041==    by 0xD4BA2C4: ??? (in /usr/lib/x86_64-linux-gnu/gio/modules/libdconfsettings.so)
==5041==    by 0xD4BA4E8: ??? (in /usr/lib/x86_64-linux-gnu/gio/modules/libdconfsettings.so)
==5041==    by 0xB3F71DE: ??? (in /usr/lib/x86_64-linux-gnu/libgobject-2.0.so.0.7200.4)
==5041==    by 0xB3F88F7: g_object_new_valist (in /usr/lib/x86_64-linux-gnu/libgobject-2.0.so.0.7200.4)
==5041==    by 0xB3F8E2C: g_object_new (in /usr/lib/x86_64-linux-gnu/libgobject-2.0.so.0.7200.4)
==5041==    by 0xB8696F3: g_settings_new_full (in /usr/lib/x86_64-linux-gnu/libgio-2.0.so.0.7200.4)
==5041== 
==5041== 416 bytes in 1 blocks are possibly lost in loss record 7,970 of 8,313
==5041==    at 0x484DA83: calloc (in /usr/libexec/valgrind/vgpreload_memcheck-amd64-linux.so)
==5041==    by 0x40147D9: calloc (rtld-malloc.h:44)
==5041==    by 0x40147D9: allocate_dtv (dl-tls.c:375)
==5041==    by 0x40147D9: _dl_allocate_tls (dl-tls.c:634)
==5041==    by 0x61417B4: allocate_stack (allocatestack.c:430)
==5041==    by 0x61417B4: pthread_create@@GLIBC_2.34 (pthread_create.c:647)
==5041==    by 0x5BEE9DD: QThread::start(QThread::Priority) (in /usr/lib/x86_64-linux-gnu/libQt6Core.so.6.2.4)
==5041==    by 0x6842161: QDBusConnection::connectToBus(QString const&, QString const&) (in /usr/lib/x86_64-linux-gnu/libQt6DBus.so.6.2.4)
==5041==    by 0xDDCB8CF: ??? (in /usr/lib/x86_64-linux-gnu/qt6/plugins/platforminputcontexts/libibusplatforminputcontextplugin.so)
==5041==    by 0xDDCC032: ??? (in /usr/lib/x86_64-linux-gnu/qt6/plugins/platforminputcontexts/libibusplatforminputcontextplugin.so)
==5041==    by 0xDDCC2FA: ??? (in /usr/lib/x86_64-linux-gnu/qt6/plugins/platforminputcontexts/libibusplatforminputcontextplugin.so)
==5041==    by 0xDDC4605: ??? (in /usr/lib/x86_64-linux-gnu/qt6/plugins/platforminputcontexts/libibusplatforminputcontextplugin.so)
==5041==    by 0x5393A39: QPlatformInputContextFactory::create(QString const&) (in /usr/lib/x86_64-linux-gnu/libQt6Gui.so.6.2.4)
==5041==    by 0xA0CCC4D: QXcbIntegration::initialize() (in /usr/lib/x86_64-linux-gnu/libQt6XcbQpa.so.6.2.4)
==5041==    by 0x5A8ACC6: QCoreApplicationPrivate::init() (in /usr/lib/x86_64-linux-gnu/libQt6Core.so.6.2.4)
==5041== 
==5041== 536 (120 direct, 416 indirect) bytes in 1 blocks are definitely lost in loss record 8,028 of 8,313
==5041==    at 0x4849013: operator new(unsigned long) (in /usr/libexec/valgrind/vgpreload_memcheck-amd64-linux.so)
==5041==    by 0x5ADB4A8: QObject::QObject(QObject*) (in /usr/lib/x86_64-linux-gnu/libQt6Core.so.6.2.4)
==5041==    by 0x4D9B3A6: QGraphicsObject::QGraphicsObject(QGraphicsItem*) (in /usr/lib/x86_64-linux-gnu/libQt6Widgets.so.6.2.4)
==5041==    by 0x176646: Sheriff::Sheriff() (sheriff.cpp:5)
==5041==    by 0x13E3BC: Wagon::fromVariant(QVariant const&) (wagon.cpp:436)
==5041==    by 0x164486: Train::fromVariant(QVariant const&) (train.cpp:172)
==5041==    by 0x14DC28: Game::fromVariant(QVariant const&) (game.cpp:975)
==5041==    by 0x17A043: PlayerClient::onReadyRead() (playerclient.cpp:160)
==5041==    by 0x13683B: QtPrivate::FunctorCall<QtPrivate::IndexesList<>, QtPrivate::List<>, void, void (PlayerClient::*)()>::call(void (PlayerClient::*)(), PlayerClient*, void**) (qobjectdefs_impl.h:152)
==5041==    by 0x136144: void QtPrivate::FunctionPointer<void (PlayerClient::*)()>::call<QtPrivate::List<>, void>(void (PlayerClient::*)(), PlayerClient*, void**) (qobjectdefs_impl.h:185)
==5041==    by 0x135CA8: QtPrivate::QSlotObject<void (PlayerClient::*)(), QtPrivate::List<>, void>::impl(int, QtPrivate::QSlotObjectBase*, QObject*, void**, bool*) (qobjectdefs_impl.h:395)
==5041==    by 0x5ADD022: ??? (in /usr/lib/x86_64-linux-gnu/libQt6Core.so.6.2.4)
==5041== 
==5041== 231,232 (88 direct, 231,144 indirect) bytes in 1 blocks are definitely lost in loss record 8,311 of 8,313
==5041==    at 0x4849013: operator new(unsigned long) (in /usr/libexec/valgrind/vgpreload_memcheck-amd64-linux.so)
==5041==    by 0x5AD1DE8: QObjectPrivate::connectImpl(QObject const*, int, QObject const*, void**, QtPrivate::QSlotObjectBase*, int, int const*, QMetaObject const*) (in /usr/lib/x86_64-linux-gnu/libQt6Core.so.6.2.4)
==5041==    by 0x5AD2274: QObject::connectImpl(QObject const*, void**, QObject const*, void**, QtPrivate::QSlotObjectBase*, Qt::ConnectionType, int const*, QMetaObject const*) (in /usr/lib/x86_64-linux-gnu/libQt6Core.so.6.2.4)
==5041==    by 0x169AA1: QMetaObject::Connection QObject::connect<void (Card::*)(Card*), void (Deck::*)(Card*)>(QtPrivate::FunctionPointer<void (Card::*)(Card*)>::Object const*, void (Card::*)(Card*), QtPrivate::FunctionPointer<void (Deck::*)(Card*)>::Object const*, void (Deck::*)(Card*), Qt::ConnectionType) (qobject.h:243)
==5041==    by 0x168C9A: Deck::push_back(Card*) (deck.cpp:33)
==5041==    by 0x16EC4B: PlayerPerspective::onPlayerPlayedCard(int, int) (playerperspective.cpp:239)
==5041==    by 0x1363B7: QtPrivate::FunctorCall<QtPrivate::IndexesList<0, 1>, QtPrivate::List<int, int>, void, void (PlayerPerspective::*)(int, int)>::call(void (PlayerPerspective::*)(int, int), PlayerPerspective*, void**) (qobjectdefs_impl.h:152)
==5041==    by 0x135F8E: void QtPrivate::FunctionPointer<void (PlayerPerspective::*)(int, int)>::call<QtPrivate::List<int, int>, void>(void (PlayerPerspective::*)(int, int), PlayerPerspective*, void**) (qobjectdefs_impl.h:185)
==5041==    by 0x1356E4: QtPrivate::QSlotObject<void (PlayerPerspective::*)(int, int), QtPrivate::List<int, int>, void>::impl(int, QtPrivate::QSlotObjectBase*, QObject*, void**, bool*) (qobjectdefs_impl.h:395)
==5041==    by 0x5ADD022: ??? (in /usr/lib/x86_64-linux-gnu/libQt6Core.so.6.2.4)
==5041==    by 0x120795: PlayerPerspective::playerPlayedCard(int, int) (moc_playerperspective.cpp:419)
==5041==    by 0x16E313: PlayerPerspective::onClickedCardInHandInPlayer(Card*, Hand*, Player*) (playerperspective.cpp:112)
==5041== 
