==5039== Invalid read of size 8
==5039==    at 0x40286A0: strncmp (strcmp.S:170)
==5039==    by 0x400668D: is_dst (dl-load.c:216)
==5039==    by 0x400810E: _dl_dst_count (dl-load.c:253)
==5039==    by 0x400810E: expand_dynamic_string_token (dl-load.c:395)
==5039==    by 0x40082B7: fillin_rpath.isra.0 (dl-load.c:483)
==5039==    by 0x4008602: decompose_rpath (dl-load.c:654)
==5039==    by 0x400ABF5: cache_rpath (dl-load.c:696)
==5039==    by 0x400ABF5: cache_rpath (dl-load.c:677)
==5039==    by 0x400ABF5: _dl_map_object (dl-load.c:2165)
==5039==    by 0x4003494: openaux (dl-deps.c:64)
==5039==    by 0x6220A97: _dl_catch_exception (dl-error-skeleton.c:208)
==5039==    by 0x4003C7B: _dl_map_object_deps (dl-deps.c:248)
==5039==    by 0x400EA0E: dl_open_worker_begin (dl-open.c:592)
==5039==    by 0x6220A97: _dl_catch_exception (dl-error-skeleton.c:208)
==5039==    by 0x400DF99: dl_open_worker (dl-open.c:782)
==5039==  Address 0x944e9e1 is 1 bytes inside a block of size 8 alloc'd
==5039==    at 0x4848899: malloc (in /usr/libexec/valgrind/vgpreload_memcheck-amd64-linux.so)
==5039==    by 0x40271DF: malloc (rtld-malloc.h:56)
==5039==    by 0x40271DF: strdup (strdup.c:42)
==5039==    by 0x4008594: decompose_rpath (dl-load.c:629)
==5039==    by 0x400ABF5: cache_rpath (dl-load.c:696)
==5039==    by 0x400ABF5: cache_rpath (dl-load.c:677)
==5039==    by 0x400ABF5: _dl_map_object (dl-load.c:2165)
==5039==    by 0x4003494: openaux (dl-deps.c:64)
==5039==    by 0x6220A97: _dl_catch_exception (dl-error-skeleton.c:208)
==5039==    by 0x4003C7B: _dl_map_object_deps (dl-deps.c:248)
==5039==    by 0x400EA0E: dl_open_worker_begin (dl-open.c:592)
==5039==    by 0x6220A97: _dl_catch_exception (dl-error-skeleton.c:208)
==5039==    by 0x400DF99: dl_open_worker (dl-open.c:782)
==5039==    by 0x6220A97: _dl_catch_exception (dl-error-skeleton.c:208)
==5039==    by 0x400E34D: _dl_open (dl-open.c:883)
==5039== 
==5039== Invalid read of size 8
==5039==    at 0x40286A8: strncmp (strcmp.S:172)
==5039==    by 0x400668D: is_dst (dl-load.c:216)
==5039==    by 0x400810E: _dl_dst_count (dl-load.c:253)
==5039==    by 0x400810E: expand_dynamic_string_token (dl-load.c:395)
==5039==    by 0x40082B7: fillin_rpath.isra.0 (dl-load.c:483)
==5039==    by 0x4008602: decompose_rpath (dl-load.c:654)
==5039==    by 0x400ABF5: cache_rpath (dl-load.c:696)
==5039==    by 0x400ABF5: cache_rpath (dl-load.c:677)
==5039==    by 0x400ABF5: _dl_map_object (dl-load.c:2165)
==5039==    by 0x4003494: openaux (dl-deps.c:64)
==5039==    by 0x6220A97: _dl_catch_exception (dl-error-skeleton.c:208)
==5039==    by 0x4003C7B: _dl_map_object_deps (dl-deps.c:248)
==5039==    by 0x400EA0E: dl_open_worker_begin (dl-open.c:592)
==5039==    by 0x6220A97: _dl_catch_exception (dl-error-skeleton.c:208)
==5039==    by 0x400DF99: dl_open_worker (dl-open.c:782)
==5039==  Address 0x944e9e9 is 1 bytes after a block of size 8 alloc'd
==5039==    at 0x4848899: malloc (in /usr/libexec/valgrind/vgpreload_memcheck-amd64-linux.so)
==5039==    by 0x40271DF: malloc (rtld-malloc.h:56)
==5039==    by 0x40271DF: strdup (strdup.c:42)
==5039==    by 0x4008594: decompose_rpath (dl-load.c:629)
==5039==    by 0x400ABF5: cache_rpath (dl-load.c:696)
==5039==    by 0x400ABF5: cache_rpath (dl-load.c:677)
==5039==    by 0x400ABF5: _dl_map_object (dl-load.c:2165)
==5039==    by 0x4003494: openaux (dl-deps.c:64)
==5039==    by 0x6220A97: _dl_catch_exception (dl-error-skeleton.c:208)
==5039==    by 0x4003C7B: _dl_map_object_deps (dl-deps.c:248)
==5039==    by 0x400EA0E: dl_open_worker_begin (dl-open.c:592)
==5039==    by 0x6220A97: _dl_catch_exception (dl-error-skeleton.c:208)
==5039==    by 0x400DF99: dl_open_worker (dl-open.c:782)
==5039==    by 0x6220A97: _dl_catch_exception (dl-error-skeleton.c:208)
==5039==    by 0x400E34D: _dl_open (dl-open.c:883)
==5039== 
==5039== Invalid read of size 8
==5039==    at 0x40286A0: strncmp (strcmp.S:170)
==5039==    by 0x400668D: is_dst (dl-load.c:216)
==5039==    by 0x4007F79: _dl_dst_substitute (dl-load.c:295)
==5039==    by 0x40082B7: fillin_rpath.isra.0 (dl-load.c:483)
==5039==    by 0x4008602: decompose_rpath (dl-load.c:654)
==5039==    by 0x400ABF5: cache_rpath (dl-load.c:696)
==5039==    by 0x400ABF5: cache_rpath (dl-load.c:677)
==5039==    by 0x400ABF5: _dl_map_object (dl-load.c:2165)
==5039==    by 0x4003494: openaux (dl-deps.c:64)
==5039==    by 0x6220A97: _dl_catch_exception (dl-error-skeleton.c:208)
==5039==    by 0x4003C7B: _dl_map_object_deps (dl-deps.c:248)
==5039==    by 0x400EA0E: dl_open_worker_begin (dl-open.c:592)
==5039==    by 0x6220A97: _dl_catch_exception (dl-error-skeleton.c:208)
==5039==    by 0x400DF99: dl_open_worker (dl-open.c:782)
==5039==  Address 0x944e9e1 is 1 bytes inside a block of size 8 alloc'd
==5039==    at 0x4848899: malloc (in /usr/libexec/valgrind/vgpreload_memcheck-amd64-linux.so)
==5039==    by 0x40271DF: malloc (rtld-malloc.h:56)
==5039==    by 0x40271DF: strdup (strdup.c:42)
==5039==    by 0x4008594: decompose_rpath (dl-load.c:629)
==5039==    by 0x400ABF5: cache_rpath (dl-load.c:696)
==5039==    by 0x400ABF5: cache_rpath (dl-load.c:677)
==5039==    by 0x400ABF5: _dl_map_object (dl-load.c:2165)
==5039==    by 0x4003494: openaux (dl-deps.c:64)
==5039==    by 0x6220A97: _dl_catch_exception (dl-error-skeleton.c:208)
==5039==    by 0x4003C7B: _dl_map_object_deps (dl-deps.c:248)
==5039==    by 0x400EA0E: dl_open_worker_begin (dl-open.c:592)
==5039==    by 0x6220A97: _dl_catch_exception (dl-error-skeleton.c:208)
==5039==    by 0x400DF99: dl_open_worker (dl-open.c:782)
==5039==    by 0x6220A97: _dl_catch_exception (dl-error-skeleton.c:208)
==5039==    by 0x400E34D: _dl_open (dl-open.c:883)
==5039== 
==5039== Invalid read of size 8
==5039==    at 0x40286A8: strncmp (strcmp.S:172)
==5039==    by 0x400668D: is_dst (dl-load.c:216)
==5039==    by 0x4007F79: _dl_dst_substitute (dl-load.c:295)
==5039==    by 0x40082B7: fillin_rpath.isra.0 (dl-load.c:483)
==5039==    by 0x4008602: decompose_rpath (dl-load.c:654)
==5039==    by 0x400ABF5: cache_rpath (dl-load.c:696)
==5039==    by 0x400ABF5: cache_rpath (dl-load.c:677)
==5039==    by 0x400ABF5: _dl_map_object (dl-load.c:2165)
==5039==    by 0x4003494: openaux (dl-deps.c:64)
==5039==    by 0x6220A97: _dl_catch_exception (dl-error-skeleton.c:208)
==5039==    by 0x4003C7B: _dl_map_object_deps (dl-deps.c:248)
==5039==    by 0x400EA0E: dl_open_worker_begin (dl-open.c:592)
==5039==    by 0x6220A97: _dl_catch_exception (dl-error-skeleton.c:208)
==5039==    by 0x400DF99: dl_open_worker (dl-open.c:782)
==5039==  Address 0x944e9e9 is 1 bytes after a block of size 8 alloc'd
==5039==    at 0x4848899: malloc (in /usr/libexec/valgrind/vgpreload_memcheck-amd64-linux.so)
==5039==    by 0x40271DF: malloc (rtld-malloc.h:56)
==5039==    by 0x40271DF: strdup (strdup.c:42)
==5039==    by 0x4008594: decompose_rpath (dl-load.c:629)
==5039==    by 0x400ABF5: cache_rpath (dl-load.c:696)
==5039==    by 0x400ABF5: cache_rpath (dl-load.c:677)
==5039==    by 0x400ABF5: _dl_map_object (dl-load.c:2165)
==5039==    by 0x4003494: openaux (dl-deps.c:64)
==5039==    by 0x6220A97: _dl_catch_exception (dl-error-skeleton.c:208)
==5039==    by 0x4003C7B: _dl_map_object_deps (dl-deps.c:248)
==5039==    by 0x400EA0E: dl_open_worker_begin (dl-open.c:592)
==5039==    by 0x6220A97: _dl_catch_exception (dl-error-skeleton.c:208)
==5039==    by 0x400DF99: dl_open_worker (dl-open.c:782)
==5039==    by 0x6220A97: _dl_catch_exception (dl-error-skeleton.c:208)
==5039==    by 0x400E34D: _dl_open (dl-open.c:883)
==5039== 
==5039== 64 bytes in 1 blocks are definitely lost in loss record 5,877 of 8,313
==5039==    at 0x4849013: operator new(unsigned long) (in /usr/libexec/valgrind/vgpreload_memcheck-amd64-linux.so)
==5039==    by 0x1404A5CD: ???
==5039==    by 0x138E1593: ???
==5039==    by 0x400647D: call_init.part.0 (dl-init.c:70)
==5039==    by 0x4006567: call_init (dl-init.c:33)
==5039==    by 0x4006567: _dl_init (dl-init.c:117)
==5039==    by 0x6220AF4: _dl_catch_exception (dl-error-skeleton.c:182)
==5039==    by 0x400DFF5: dl_open_worker (dl-open.c:808)
==5039==    by 0x400DFF5: dl_open_worker (dl-open.c:771)
==5039==    by 0x6220A97: _dl_catch_exception (dl-error-skeleton.c:208)
==5039==    by 0x400E34D: _dl_open (dl-open.c:883)
==5039==    by 0x613C63B: dlopen_doit (dlopen.c:56)
==5039==    by 0x6220A97: _dl_catch_exception (dl-error-skeleton.c:208)
==5039==    by 0x6220B62: _dl_catch_error (dl-error-skeleton.c:227)
==5039== 
==5039== 416 bytes in 1 blocks are possibly lost in loss record 7,968 of 8,313
==5039==    at 0x484DA83: calloc (in /usr/libexec/valgrind/vgpreload_memcheck-amd64-linux.so)
==5039==    by 0x40147D9: calloc (rtld-malloc.h:44)
==5039==    by 0x40147D9: allocate_dtv (dl-tls.c:375)
==5039==    by 0x40147D9: _dl_allocate_tls (dl-tls.c:634)
==5039==    by 0x61417B4: allocate_stack (allocatestack.c:430)
==5039==    by 0x61417B4: pthread_create@@GLIBC_2.34 (pthread_create.c:647)
==5039==    by 0x6773564: ??? (in /usr/lib/x86_64-linux-gnu/libglib-2.0.so.0.7200.4)
==5039==    by 0x674ED2C: g_thread_new (in /usr/lib/x86_64-linux-gnu/libglib-2.0.so.0.7200.4)
==5039==    by 0x671F616: ??? (in /usr/lib/x86_64-linux-gnu/libglib-2.0.so.0.7200.4)
==5039==    by 0xB8267D7: ??? (in /usr/lib/x86_64-linux-gnu/libgio-2.0.so.0.7200.4)
==5039==    by 0xB826884: g_task_get_type (in /usr/lib/x86_64-linux-gnu/libgio-2.0.so.0.7200.4)
==5039==    by 0xB893108: ??? (in /usr/lib/x86_64-linux-gnu/libgio-2.0.so.0.7200.4)
==5039==    by 0xB893898: g_dbus_proxy_new_for_bus (in /usr/lib/x86_64-linux-gnu/libgio-2.0.so.0.7200.4)
==5039==    by 0xB2FDD7B: ??? (in /usr/lib/x86_64-linux-gnu/libgdk-3.so.0.2404.29)
==5039==    by 0xB29C68E: gdk_display_manager_open_display (in /usr/lib/x86_64-linux-gnu/libgdk-3.so.0.2404.29)
==5039== 
==5039== 416 bytes in 1 blocks are possibly lost in loss record 7,969 of 8,313
==5039==    at 0x484DA83: calloc (in /usr/libexec/valgrind/vgpreload_memcheck-amd64-linux.so)
==5039==    by 0x40147D9: calloc (rtld-malloc.h:44)
==5039==    by 0x40147D9: allocate_dtv (dl-tls.c:375)
==5039==    by 0x40147D9: _dl_allocate_tls (dl-tls.c:634)
==5039==    by 0x61417B4: allocate_stack (allocatestack.c:430)
==5039==    by 0x61417B4: pthread_create@@GLIBC_2.34 (pthread_create.c:647)
==5039==    by 0x6773564: ??? (in /usr/lib/x86_64-linux-gnu/libglib-2.0.so.0.7200.4)
==5039==    by 0x674ED2C: g_thread_new (in /usr/lib/x86_64-linux-gnu/libglib-2.0.so.0.7200.4)
==5039==    by 0xB87C119: ??? (in /usr/lib/x86_64-linux-gnu/libgio-2.0.so.0.7200.4)
==5039==    by 0xB7BD84B: ??? (in /usr/lib/x86_64-linux-gnu/libgio-2.0.so.0.7200.4)
==5039==    by 0xB828193: ??? (in /usr/lib/x86_64-linux-gnu/libgio-2.0.so.0.7200.4)
==5039==    by 0x6750713: ??? (in /usr/lib/x86_64-linux-gnu/libglib-2.0.so.0.7200.4)
==5039==    by 0x674DAB0: ??? (in /usr/lib/x86_64-linux-gnu/libglib-2.0.so.0.7200.4)
==5039==    by 0x6140AC2: start_thread (pthread_create.c:442)
==5039==    by 0x61D1A03: clone (clone.S:100)
==5039== 
==5039== 416 bytes in 1 blocks are possibly lost in loss record 7,970 of 8,313
==5039==    at 0x484DA83: calloc (in /usr/libexec/valgrind/vgpreload_memcheck-amd64-linux.so)
==5039==    by 0x40147D9: calloc (rtld-malloc.h:44)
==5039==    by 0x40147D9: allocate_dtv (dl-tls.c:375)
==5039==    by 0x40147D9: _dl_allocate_tls (dl-tls.c:634)
==5039==    by 0x61417B4: allocate_stack (allocatestack.c:430)
==5039==    by 0x61417B4: pthread_create@@GLIBC_2.34 (pthread_create.c:647)
==5039==    by 0x6773564: ??? (in /usr/lib/x86_64-linux-gnu/libglib-2.0.so.0.7200.4)
==5039==    by 0x674ED2C: g_thread_new (in /usr/lib/x86_64-linux-gnu/libglib-2.0.so.0.7200.4)
==5039==    by 0xD4B8441: ??? (in /usr/lib/x86_64-linux-gnu/gio/modules/libdconfsettings.so)
==5039==    by 0xD4BA2C4: ??? (in /usr/lib/x86_64-linux-gnu/gio/modules/libdconfsettings.so)
==5039==    by 0xD4BA4E8: ??? (in /usr/lib/x86_64-linux-gnu/gio/modules/libdconfsettings.so)
==5039==    by 0xB3F71DE: ??? (in /usr/lib/x86_64-linux-gnu/libgobject-2.0.so.0.7200.4)
==5039==    by 0xB3F88F7: g_object_new_valist (in /usr/lib/x86_64-linux-gnu/libgobject-2.0.so.0.7200.4)
==5039==    by 0xB3F8E2C: g_object_new (in /usr/lib/x86_64-linux-gnu/libgobject-2.0.so.0.7200.4)
==5039==    by 0xB8696F3: g_settings_new_full (in /usr/lib/x86_64-linux-gnu/libgio-2.0.so.0.7200.4)
==5039== 
==5039== 536 (40 direct, 496 indirect) bytes in 1 blocks are definitely lost in loss record 8,028 of 8,313
==5039==    at 0x4849013: operator new(unsigned long) (in /usr/libexec/valgrind/vgpreload_memcheck-amd64-linux.so)
==5039==    by 0x13E3B1: Wagon::fromVariant(QVariant const&) (wagon.cpp:436)
==5039==    by 0x164486: Train::fromVariant(QVariant const&) (train.cpp:172)
==5039==    by 0x14DC28: Game::fromVariant(QVariant const&) (game.cpp:975)
==5039==    by 0x17A043: PlayerClient::onReadyRead() (playerclient.cpp:160)
==5039==    by 0x13683B: QtPrivate::FunctorCall<QtPrivate::IndexesList<>, QtPrivate::List<>, void, void (PlayerClient::*)()>::call(void (PlayerClient::*)(), PlayerClient*, void**) (qobjectdefs_impl.h:152)
==5039==    by 0x136144: void QtPrivate::FunctionPointer<void (PlayerClient::*)()>::call<QtPrivate::List<>, void>(void (PlayerClient::*)(), PlayerClient*, void**) (qobjectdefs_impl.h:185)
==5039==    by 0x135CA8: QtPrivate::QSlotObject<void (PlayerClient::*)(), QtPrivate::List<>, void>::impl(int, QtPrivate::QSlotObjectBase*, QObject*, void**, bool*) (qobjectdefs_impl.h:395)
==5039==    by 0x5ADD022: ??? (in /usr/lib/x86_64-linux-gnu/libQt6Core.so.6.2.4)
==5039==    by 0x508511E: ??? (in /usr/lib/x86_64-linux-gnu/libQt6Network.so.6.2.4)
==5039==    by 0x508D388: ??? (in /usr/lib/x86_64-linux-gnu/libQt6Network.so.6.2.4)
==5039==    by 0x49ECD35: QApplicationPrivate::notify_helper(QObject*, QEvent*) (in /usr/lib/x86_64-linux-gnu/libQt6Widgets.so.6.2.4)
==5039== 
==5039== 231,586 (16 direct, 231,570 indirect) bytes in 1 blocks are definitely lost in loss record 8,311 of 8,313
==5039==    at 0x4849013: operator new(unsigned long) (in /usr/libexec/valgrind/vgpreload_memcheck-amd64-linux.so)
==5039==    by 0x14229D: __gnu_cxx::new_allocator<Player*>::allocate(unsigned long, void const*) (new_allocator.h:127)
==5039==    by 0x141697: std::allocator_traits<std::allocator<Player*> >::allocate(std::allocator<Player*>&, unsigned long) (alloc_traits.h:464)
==5039==    by 0x140E03: std::_Vector_base<Player*, std::allocator<Player*> >::_M_allocate(unsigned long) (stl_vector.h:346)
==5039==    by 0x14001E: void std::vector<Player*, std::allocator<Player*> >::_M_realloc_insert<Player* const&>(__gnu_cxx::__normal_iterator<Player**, std::vector<Player*, std::allocator<Player*> > >, Player* const&) (vector.tcc:440)
==5039==    by 0x13F369: std::vector<Player*, std::allocator<Player*> >::push_back(Player* const&) (stl_vector.h:1198)
==5039==    by 0x13C346: Wagon::addPlayerDown(Player*) (wagon.cpp:159)
==5039==    by 0x16EA10: PlayerPerspective::onPlayerChoseWagon(int, int) (playerperspective.cpp:211)
==5039==    by 0x1363B7: QtPrivate::FunctorCall<QtPrivate::IndexesList<0, 1>, QtPrivate::List<int, int>, void, void (PlayerPerspective::*)(int, int)>::call(void (PlayerPerspective::*)(int, int), PlayerPerspective*, void**) (qobjectdefs_impl.h:152)
==5039==    by 0x135F8E: void QtPrivate::FunctionPointer<void (PlayerPerspective::*)(int, int)>::call<QtPrivate::List<int, int>, void>(void (PlayerPerspective::*)(int, int), PlayerPerspective*, void**) (qobjectdefs_impl.h:185)
==5039==    by 0x1356E4: QtPrivate::QSlotObject<void (PlayerPerspective::*)(int, int), QtPrivate::List<int, int>, void>::impl(int, QtPrivate::QSlotObjectBase*, QObject*, void**, bool*) (qobjectdefs_impl.h:395)
==5039==    by 0x5ADD022: ??? (in /usr/lib/x86_64-linux-gnu/libQt6Core.so.6.2.4)
==5039== 
